F:\cocos2d-x\cocos2d-2.1rc0-x-2.1.2\Debug.win32\iGame.win32.pdb
F:\COCOS2D-X\COCOS2D-2.1RC0-X-2.1.2\IGAME\PROJ.WIN32\DEBUG.WIN32\APPDELEGATE.OBJ
F:\cocos2d-x\cocos2d-2.1rc0-x-2.1.2\iGame\proj.win32\Debug.win32\cl.command.1.tlog
F:\cocos2d-x\cocos2d-2.1rc0-x-2.1.2\iGame\proj.win32\Debug.win32\CL.read.1.tlog
F:\cocos2d-x\cocos2d-2.1rc0-x-2.1.2\iGame\proj.win32\Debug.win32\CL.write.1.tlog
F:\COCOS2D-X\COCOS2D-2.1RC0-X-2.1.2\IGAME\PROJ.WIN32\DEBUG.WIN32\HELLOWORLDSCENE.OBJ
F:\COCOS2D-X\COCOS2D-2.1RC0-X-2.1.2\IGAME\PROJ.WIN32\DEBUG.WIN32\IGAME.RES
F:\COCOS2D-X\COCOS2D-2.1RC0-X-2.1.2\IGAME\PROJ.WIN32\DEBUG.WIN32\IGAME.WIN32.EXE.EMBED.MANIFEST
F:\COCOS2D-X\COCOS2D-2.1RC0-X-2.1.2\IGAME\PROJ.WIN32\DEBUG.WIN32\IGAME.WIN32.EXE.EMBED.MANIFEST.RES
F:\cocos2d-x\cocos2d-2.1rc0-x-2.1.2\iGame\proj.win32\Debug.win32\iGame.win32.exe.intermediate.manifest
F:\cocos2d-x\cocos2d-2.1rc0-x-2.1.2\iGame\proj.win32\Debug.win32\iGame.win32_manifest.rc
F:\cocos2d-x\cocos2d-2.1rc0-x-2.1.2\iGame\proj.win32\Debug.win32\link.3544.read.1.tlog
F:\cocos2d-x\cocos2d-2.1rc0-x-2.1.2\iGame\proj.win32\Debug.win32\link.3544.write.1.tlog
F:\cocos2d-x\cocos2d-2.1rc0-x-2.1.2\iGame\proj.win32\Debug.win32\link.3544-cvtres.read.1.tlog
F:\cocos2d-x\cocos2d-2.1rc0-x-2.1.2\iGame\proj.win32\Debug.win32\link.3544-cvtres.write.1.tlog
F:\cocos2d-x\cocos2d-2.1rc0-x-2.1.2\iGame\proj.win32\Debug.win32\link.5072.read.1.tlog
F:\cocos2d-x\cocos2d-2.1rc0-x-2.1.2\iGame\proj.win32\Debug.win32\link.5072.write.1.tlog
F:\cocos2d-x\cocos2d-2.1rc0-x-2.1.2\iGame\proj.win32\Debug.win32\link.5072-cvtres.read.1.tlog
F:\cocos2d-x\cocos2d-2.1rc0-x-2.1.2\iGame\proj.win32\Debug.win32\link.5072-cvtres.write.1.tlog
F:\cocos2d-x\cocos2d-2.1rc0-x-2.1.2\iGame\proj.win32\Debug.win32\link.5364.read.1.tlog
F:\cocos2d-x\cocos2d-2.1rc0-x-2.1.2\iGame\proj.win32\Debug.win32\link.5364.write.1.tlog
F:\cocos2d-x\cocos2d-2.1rc0-x-2.1.2\iGame\proj.win32\Debug.win32\link.5364-cvtres.read.1.tlog
F:\cocos2d-x\cocos2d-2.1rc0-x-2.1.2\iGame\proj.win32\Debug.win32\link.5364-cvtres.write.1.tlog
F:\cocos2d-x\cocos2d-2.1rc0-x-2.1.2\iGame\proj.win32\Debug.win32\link.5580.read.1.tlog
F:\cocos2d-x\cocos2d-2.1rc0-x-2.1.2\iGame\proj.win32\Debug.win32\link.5580.write.1.tlog
F:\cocos2d-x\cocos2d-2.1rc0-x-2.1.2\iGame\proj.win32\Debug.win32\link.5580-cvtres.read.1.tlog
F:\cocos2d-x\cocos2d-2.1rc0-x-2.1.2\iGame\proj.win32\Debug.win32\link.5580-cvtres.write.1.tlog
F:\cocos2d-x\cocos2d-2.1rc0-x-2.1.2\iGame\proj.win32\Debug.win32\link.5824.read.1.tlog
F:\cocos2d-x\cocos2d-2.1rc0-x-2.1.2\iGame\proj.win32\Debug.win32\link.5824.write.1.tlog
F:\cocos2d-x\cocos2d-2.1rc0-x-2.1.2\iGame\proj.win32\Debug.win32\link.5824-cvtres.read.1.tlog
F:\cocos2d-x\cocos2d-2.1rc0-x-2.1.2\iGame\proj.win32\Debug.win32\link.5824-cvtres.write.1.tlog
F:\cocos2d-x\cocos2d-2.1rc0-x-2.1.2\iGame\proj.win32\Debug.win32\link.command.1.tlog
F:\cocos2d-x\cocos2d-2.1rc0-x-2.1.2\iGame\proj.win32\Debug.win32\link.read.1.tlog
F:\cocos2d-x\cocos2d-2.1rc0-x-2.1.2\iGame\proj.win32\Debug.win32\link.write.1.tlog
F:\cocos2d-x\cocos2d-2.1rc0-x-2.1.2\iGame\proj.win32\Debug.win32\link-cvtres.read.1.tlog
F:\cocos2d-x\cocos2d-2.1rc0-x-2.1.2\iGame\proj.win32\Debug.win32\link-cvtres.write.1.tlog
F:\COCOS2D-X\COCOS2D-2.1RC0-X-2.1.2\IGAME\PROJ.WIN32\DEBUG.WIN32\MAIN.OBJ
F:\cocos2d-x\cocos2d-2.1rc0-x-2.1.2\iGame\proj.win32\Debug.win32\mt.command.1.tlog
F:\cocos2d-x\cocos2d-2.1rc0-x-2.1.2\iGame\proj.win32\Debug.win32\mt.read.1.tlog
F:\cocos2d-x\cocos2d-2.1rc0-x-2.1.2\iGame\proj.win32\Debug.win32\mt.write.1.tlog
F:\cocos2d-x\cocos2d-2.1rc0-x-2.1.2\iGame\proj.win32\Debug.win32\rc.command.1.tlog
F:\cocos2d-x\cocos2d-2.1rc0-x-2.1.2\iGame\proj.win32\Debug.win32\rc.read.1.tlog
F:\cocos2d-x\cocos2d-2.1rc0-x-2.1.2\iGame\proj.win32\Debug.win32\rc.write.1.tlog
F:\cocos2d-x\cocos2d-2.1rc0-x-2.1.2\iGame\proj.win32\Debug.win32\vc100.idb
F:\COCOS2D-X\COCOS2D-2.1RC0-X-2.1.2\IGAME\PROJ.WIN32\DEBUG.WIN32\VC100.PDB
